Using pre-set license
Built from '2020.3/release' branch; Version is '2020.3.2f1 (8fd9074bf66c) revision 9427207'; Using compiler version '192528614'; Build Type 'Release'
OS: 'Windows 10 Pro; OS build 19041.867; Version 2004; 64bit' Language: 'en' Physical Memory: 16235 MB
BatchMode: 1, IsHumanControllingUs: 0, StartBugReporterOnCrash: 0, Is64bit: 1, IsPro: 0

 COMMAND LINE ARGUMENTS:
C:\Program Files\Unity\Hub\Editor\2020.3.2f1\Editor\Unity.exe
-adb2
-batchMode
-noUpm
-name
AssetImportWorker0
-projectPath
C:/Users/mako3/Desktop/Unity MMO/Klepetko
-logFile
Logs/AssetImportWorker0.log
-srvPort
8767
Successfully changed project path to: C:/Users/mako3/Desktop/Unity MMO/Klepetko
C:/Users/mako3/Desktop/Unity MMO/Klepetko
Using Asset Import Pipeline V2.
Refreshing native plugins compatible for Editor in 104.28 ms, found 1 plugins.
Preloading 0 native plugins for Editor in 0.00 ms.
Initialize engine version: 2020.3.2f1 (8fd9074bf66c)
[Subsystems] Discovering subsystems at path C:/Program Files/Unity/Hub/Editor/2020.3.2f1/Editor/Data/Resources/UnitySubsystems
[Subsystems] Discovering subsystems at path C:/Users/mako3/Desktop/Unity MMO/Klepetko/Assets
GfxDevice: creating device client; threaded=0
Direct3D:
    Version:  Direct3D 11.0 [level 11.1]
    Renderer: NVIDIA GeForce GTX 1050 with Max-Q Design (ID=0x1c8d)
    Vendor:   
    VRAM:     4019 MB
    Driver:   27.21.14.6172
Initialize mono
Mono path[0] = 'C:/Program Files/Unity/Hub/Editor/2020.3.2f1/Editor/Data/Managed'
Mono path[1] = 'C:/Program Files/Unity/Hub/Editor/2020.3.2f1/Editor/Data/MonoBleedingEdge/lib/mono/unityjit'
Mono config path = 'C:/Program Files/Unity/Hub/Editor/2020.3.2f1/Editor/Data/MonoBleedingEdge/etc'
Using monoOptions --debugger-agent=transport=dt_socket,embedding=1,server=y,suspend=n,address=127.0.0.1:56732
Begin MonoManager ReloadAssembly
Registering precompiled unity dll's ...
Register platform support module: C:/Program Files/Unity/Hub/Editor/2020.3.2f1/Editor/Data/PlaybackEngines/WebGLSupport/UnityEditor.WebGL.Extensions.dll
Register platform support module: C:/Program Files/Unity/Hub/Editor/2020.3.2f1/Editor/Data/PlaybackEngines/WindowsStandaloneSupport/UnityEditor.WindowsStandalone.Extensions.dll
Registered in 0.004619 seconds.
Native extension for WindowsStandalone target not found
Native extension for WebGL target not found
Refreshing native plugins compatible for Editor in 71.30 ms, found 1 plugins.
Preloading 0 native plugins for Editor in 0.00 ms.
Invoked RoslynAnalysisRunner static constructor.
RoslynAnalysisRunner will not be running.
RoslynAnalysisRunner has terminated.
Mono: successfully reloaded assembly
- Completed reload, in  2.621 seconds
Platform modules already initialized, skipping
Registering precompiled user dll's ...
Registered in 0.002310 seconds.
Begin MonoManager ReloadAssembly
Native extension for WindowsStandalone target not found
Native extension for WebGL target not found
Refreshing native plugins compatible for Editor in 48.30 ms, found 1 plugins.
Preloading 0 native plugins for Editor in 0.00 ms.
Invoked RoslynAnalysisRunner static constructor.
RoslynAnalysisRunner will not be running.
RoslynAnalysisRunner has terminated.
Mono: successfully reloaded assembly
- Completed reload, in  1.613 seconds
Platform modules already initialized, skipping
========================================================================
Worker process is ready to serve import requests
Launched and connected shader compiler UnityShaderCompiler.exe after 0.09 seconds
Refreshing native plugins compatible for Editor in 0.40 ms, found 1 plugins.
Preloading 0 native plugins for Editor in 0.00 ms.
Unloading 2157 Unused Serialized files (Serialized files now loaded: 0)
System memory in use before: 94.1 MB.
System memory in use after: 94.1 MB.

Unloading 24 unused Assets to reduce memory usage. Loaded Objects now: 2599.
Total: 2.965000 ms (FindLiveObjects: 0.352500 ms CreateObjectMapping: 0.164800 ms MarkObjects: 2.285300 ms  DeleteObjects: 0.161000 ms)

========================================================================
Received Import Request.
  path: Assets/SocketIO
  artifactKey: Guid(f9213bb8fe3960d499864c0dbdee7ad4) Importer(815301076,1909f56bfc062723c751e8b465ee728b)
Start importing Assets/SocketIO using Guid(f9213bb8fe3960d499864c0dbdee7ad4) Importer(815301076,1909f56bfc062723c751e8b465ee728b)  -> (artifact id: '889d80dfba57669b29c8abf79bce70ad') in 0.006039 seconds
  Import took 0.009939 seconds .

========================================================================
Received Import Request.
  Time since last request: 667.329369 seconds.
  path: Assets/Scenes
  artifactKey: Guid(2753738d35185784382f0ceffb8ad708) Importer(815301076,1909f56bfc062723c751e8b465ee728b)
Start importing Assets/Scenes using Guid(2753738d35185784382f0ceffb8ad708) Importer(815301076,1909f56bfc062723c751e8b465ee728b)  -> (artifact id: '5b3f11affe24613c926edecd7754997a') in 0.003125 seconds
  Import took 0.008119 seconds .

========================================================================
Received Import Request.
  Time since last request: 0.562736 seconds.
  path: Assets/Scenes/SampleScene.unity
  artifactKey: Guid(2cda990e2423bbf4892e6590ba056729) Importer(815301076,1909f56bfc062723c751e8b465ee728b)
Start importing Assets/Scenes/SampleScene.unity using Guid(2cda990e2423bbf4892e6590ba056729) Importer(815301076,1909f56bfc062723c751e8b465ee728b)  -> (artifact id: 'c2310208df74c583216671dde88d47ab') in 0.014141 seconds
  Import took 0.018027 seconds .

========================================================================
Received Import Request.
  Time since last request: 17.709478 seconds.
  path: Assets/Networking
  artifactKey: Guid(39d9acd132d3b784890f33982a160631) Importer(815301076,1909f56bfc062723c751e8b465ee728b)
Start importing Assets/Networking using Guid(39d9acd132d3b784890f33982a160631) Importer(815301076,1909f56bfc062723c751e8b465ee728b)  -> (artifact id: 'ecd5e86f88c6aa0a8d271b83881d910b') in 0.002829 seconds
  Import took 0.007655 seconds .

========================================================================
Received Import Request.
  Time since last request: 0.004683 seconds.
  path: Assets/Networking
  artifactKey: Guid(39d9acd132d3b784890f33982a160631) Importer(815301076,1909f56bfc062723c751e8b465ee728b)
Start importing Assets/Networking using Guid(39d9acd132d3b784890f33982a160631) Importer(815301076,1909f56bfc062723c751e8b465ee728b)  -> (artifact id: 'ecd5e86f88c6aa0a8d271b83881d910b') in 0.002978 seconds
  Import took 0.007501 seconds .

========================================================================
Received Prepare
Registering precompiled user dll's ...
Registered in 0.001278 seconds.
Begin MonoManager ReloadAssembly
Native extension for WindowsStandalone target not found
Native extension for WebGL target not found
Refreshing native plugins compatible for Editor in 0.39 ms, found 1 plugins.
Preloading 0 native plugins for Editor in 0.00 ms.
Invoked RoslynAnalysisRunner static constructor.
RoslynAnalysisRunner will not be running.
RoslynAnalysisRunner has terminated.
Mono: successfully reloaded assembly
- Completed reload, in  1.146 seconds
Platform modules already initialized, skipping
Refreshing native plugins compatible for Editor in 0.42 ms, found 1 plugins.
Preloading 0 native plugins for Editor in 0.00 ms.
Unloading 2153 Unused Serialized files (Serialized files now loaded: 0)
System memory in use before: 94.1 MB.
System memory in use after: 94.1 MB.

Unloading 12 unused Assets to reduce memory usage. Loaded Objects now: 2604.
Total: 2.429000 ms (FindLiveObjects: 0.223400 ms CreateObjectMapping: 0.119500 ms MarkObjects: 1.946500 ms  DeleteObjects: 0.138100 ms)

========================================================================
Received Import Request.
  Time since last request: 26.647037 seconds.
  path: Assets/Networking/Netwo.cs
  artifactKey: Guid(29c00757a5071c54db246868dd23de2c) Importer(815301076,1909f56bfc062723c751e8b465ee728b)
Start importing Assets/Networking/Netwo.cs using Guid(29c00757a5071c54db246868dd23de2c) Importer(815301076,1909f56bfc062723c751e8b465ee728b)  -> (artifact id: '88427f0968aac6d6964c139ca33d1308') in 0.025752 seconds
  Import took 0.030457 seconds .

========================================================================
Received Import Request.
  Time since last request: 118.204538 seconds.
  path: Assets/Networking/NetworkClient.cs
  artifactKey: Guid(29c00757a5071c54db246868dd23de2c) Importer(815301076,1909f56bfc062723c751e8b465ee728b)
Start importing Assets/Networking/NetworkClient.cs using Guid(29c00757a5071c54db246868dd23de2c) Importer(815301076,1909f56bfc062723c751e8b465ee728b)  -> (artifact id: '3547882aa58e03e8bb8738c7c1bd3d4a') in 0.003322 seconds
  Import took 0.008289 seconds .

========================================================================
Received Prepare
Registering precompiled user dll's ...
Registered in 0.002087 seconds.
Begin MonoManager ReloadAssembly
Native extension for WindowsStandalone target not found
Native extension for WebGL target not found
Refreshing native plugins compatible for Editor in 0.44 ms, found 1 plugins.
Preloading 0 native plugins for Editor in 0.00 ms.
Invoked RoslynAnalysisRunner static constructor.
RoslynAnalysisRunner will not be running.
RoslynAnalysisRunner has terminated.
Mono: successfully reloaded assembly
- Completed reload, in  1.231 seconds
Platform modules already initialized, skipping
Refreshing native plugins compatible for Editor in 0.80 ms, found 1 plugins.
Preloading 0 native plugins for Editor in 0.00 ms.
Unloading 2153 Unused Serialized files (Serialized files now loaded: 0)
System memory in use before: 94.2 MB.
System memory in use after: 94.1 MB.

Unloading 12 unused Assets to reduce memory usage. Loaded Objects now: 2608.
Total: 2.403500 ms (FindLiveObjects: 0.213100 ms CreateObjectMapping: 0.091200 ms MarkObjects: 1.993100 ms  DeleteObjects: 0.105200 ms)

========================================================================
Received Import Request.
  Time since last request: 722.322814 seconds.
  path: Assets/Networking/NetworkClient.cs
  artifactKey: Guid(29c00757a5071c54db246868dd23de2c) Importer(815301076,1909f56bfc062723c751e8b465ee728b)
Start importing Assets/Networking/NetworkClient.cs using Guid(29c00757a5071c54db246868dd23de2c) Importer(815301076,1909f56bfc062723c751e8b465ee728b)  -> (artifact id: '75fef9b6ec223155fdebd70bc8098af1') in 0.009669 seconds
  Import took 0.015239 seconds .

========================================================================
Received Import Request.
  Time since last request: 76.355116 seconds.
  path: Assets/SocketIO/Newtonsoft.Json
  artifactKey: Guid(9ae88a9d4b8eecb4897ab01d156164d9) Importer(815301076,1909f56bfc062723c751e8b465ee728b)
Start importing Assets/SocketIO/Newtonsoft.Json using Guid(9ae88a9d4b8eecb4897ab01d156164d9) Importer(815301076,1909f56bfc062723c751e8b465ee728b)  -> (artifact id: '6d701bc6a1fb9ed8ba2792380d27b1c8') in 0.002338 seconds
  Import took 0.007114 seconds .

========================================================================
Received Import Request.
  Time since last request: 273.960822 seconds.
  path: Assets/SocketIO/Quobject
  artifactKey: Guid(ae5a0e5e8fb800a41b91a05a59283f24) Importer(815301076,1909f56bfc062723c751e8b465ee728b)
Start importing Assets/SocketIO/Quobject using Guid(ae5a0e5e8fb800a41b91a05a59283f24) Importer(815301076,1909f56bfc062723c751e8b465ee728b)  -> (artifact id: '89bfc66b43ade163b2de705d2cf96622') in 0.002655 seconds
  Import took 0.006441 seconds .

========================================================================
Received Import Request.
  Time since last request: 2.527852 seconds.
  path: Assets/SocketIO/WebSocket4Net
  artifactKey: Guid(fd639308508e9af42a1c96ef190aab30) Importer(815301076,1909f56bfc062723c751e8b465ee728b)
Start importing Assets/SocketIO/WebSocket4Net using Guid(fd639308508e9af42a1c96ef190aab30) Importer(815301076,1909f56bfc062723c751e8b465ee728b)  -> (artifact id: '3f7d1213f4fad2246c823f6b2e9da8e1') in 0.002497 seconds
  Import took 0.007861 seconds .

========================================================================
Received Import Request.
  Time since last request: 1.389984 seconds.
  path: Assets/SocketIO/WebSocket4Net/Command
  artifactKey: Guid(ab05e80951c6495db0bbeaa03399b540) Importer(815301076,1909f56bfc062723c751e8b465ee728b)
Start importing Assets/SocketIO/WebSocket4Net/Command using Guid(ab05e80951c6495db0bbeaa03399b540) Importer(815301076,1909f56bfc062723c751e8b465ee728b)  -> (artifact id: '843673ea86b1a50642471ee4075eed53') in 0.002523 seconds
  Import took 0.006454 seconds .

========================================================================
Received Import Request.
  Time since last request: 6.149419 seconds.
  path: Assets/SocketIO/WebSocket4Net/Command/Ping.cs
  artifactKey: Guid(978890bb1a6b43ef981e0fe0e171874d) Importer(815301076,1909f56bfc062723c751e8b465ee728b)
Start importing Assets/SocketIO/WebSocket4Net/Command/Ping.cs using Guid(978890bb1a6b43ef981e0fe0e171874d) Importer(815301076,1909f56bfc062723c751e8b465ee728b)  -> (artifact id: 'b941084cd1e21aef498853bac00b7dbc') in 0.001979 seconds
  Import took 0.004997 seconds .

========================================================================
Received Prepare
Registering precompiled user dll's ...
Registered in 0.001799 seconds.
Begin MonoManager ReloadAssembly
Native extension for WindowsStandalone target not found
Native extension for WebGL target not found
Refreshing native plugins compatible for Editor in 0.44 ms, found 1 plugins.
Preloading 0 native plugins for Editor in 0.00 ms.
Invoked RoslynAnalysisRunner static constructor.
RoslynAnalysisRunner will not be running.
RoslynAnalysisRunner has terminated.
Mono: successfully reloaded assembly
- Completed reload, in  1.266 seconds
Platform modules already initialized, skipping
Refreshing native plugins compatible for Editor in 0.41 ms, found 1 plugins.
Preloading 0 native plugins for Editor in 0.00 ms.
Unloading 2153 Unused Serialized files (Serialized files now loaded: 0)
System memory in use before: 94.2 MB.
System memory in use after: 94.2 MB.

Unloading 12 unused Assets to reduce memory usage. Loaded Objects now: 2612.
Total: 2.761900 ms (FindLiveObjects: 0.356700 ms CreateObjectMapping: 0.138400 ms MarkObjects: 2.099500 ms  DeleteObjects: 0.165600 ms)

========================================================================
Received Prepare
Registering precompiled user dll's ...
Registered in 0.001323 seconds.
Begin MonoManager ReloadAssembly
Native extension for WindowsStandalone target not found
Native extension for WebGL target not found
Refreshing native plugins compatible for Editor in 0.37 ms, found 1 plugins.
Preloading 0 native plugins for Editor in 0.00 ms.
Invoked RoslynAnalysisRunner static constructor.
RoslynAnalysisRunner will not be running.
RoslynAnalysisRunner has terminated.
Mono: successfully reloaded assembly
- Completed reload, in  0.873 seconds
Platform modules already initialized, skipping
Refreshing native plugins compatible for Editor in 0.35 ms, found 1 plugins.
Preloading 0 native plugins for Editor in 0.00 ms.
Unloading 2153 Unused Serialized files (Serialized files now loaded: 0)
System memory in use before: 94.2 MB.
System memory in use after: 94.2 MB.

Unloading 12 unused Assets to reduce memory usage. Loaded Objects now: 2616.
Total: 2.614600 ms (FindLiveObjects: 0.344700 ms CreateObjectMapping: 0.137000 ms MarkObjects: 2.019600 ms  DeleteObjects: 0.111900 ms)

========================================================================
Received Import Request.
  Time since last request: 620.366481 seconds.
  path: Assets/Networking/NetworkClient.cs
  artifactKey: Guid(29c00757a5071c54db246868dd23de2c) Importer(815301076,1909f56bfc062723c751e8b465ee728b)
Start importing Assets/Networking/NetworkClient.cs using Guid(29c00757a5071c54db246868dd23de2c) Importer(815301076,1909f56bfc062723c751e8b465ee728b)  -> (artifact id: '638fd2404af21cb102beb5a1778c517b') in 0.004752 seconds
  Import took 0.007863 seconds .

========================================================================
Received Import Request.
  Time since last request: 0.029151 seconds.
  path: Assets/Networking/NetworkClient.cs
  artifactKey: Guid(29c00757a5071c54db246868dd23de2c) Importer(815301076,1909f56bfc062723c751e8b465ee728b)
Start importing Assets/Networking/NetworkClient.cs using Guid(29c00757a5071c54db246868dd23de2c) Importer(815301076,1909f56bfc062723c751e8b465ee728b)  -> (artifact id: '638fd2404af21cb102beb5a1778c517b') in 0.002577 seconds
  Import took 0.007424 seconds .

========================================================================
Received Prepare
Registering precompiled user dll's ...
Registered in 0.001875 seconds.
Begin MonoManager ReloadAssembly
Native extension for WindowsStandalone target not found
Native extension for WebGL target not found
Refreshing native plugins compatible for Editor in 0.44 ms, found 1 plugins.
Preloading 0 native plugins for Editor in 0.00 ms.
Invoked RoslynAnalysisRunner static constructor.
RoslynAnalysisRunner will not be running.
RoslynAnalysisRunner has terminated.
Mono: successfully reloaded assembly
- Completed reload, in  1.088 seconds
Platform modules already initialized, skipping
Refreshing native plugins compatible for Editor in 0.38 ms, found 1 plugins.
Preloading 0 native plugins for Editor in 0.00 ms.
Unloading 2153 Unused Serialized files (Serialized files now loaded: 0)
System memory in use before: 94.2 MB.
System memory in use after: 94.2 MB.

Unloading 12 unused Assets to reduce memory usage. Loaded Objects now: 2620.
Total: 2.351700 ms (FindLiveObjects: 0.244600 ms CreateObjectMapping: 0.105000 ms MarkObjects: 1.812900 ms  DeleteObjects: 0.187900 ms)

AssetImportWorkerClient::OnTransportError - code=2 error=End of file
